Arguments: 
  /usr/local/bin/node /usr/local/bin/yarn add express helmet cors mongoose jsonwebtokens bcrypt

PATH: 
  /usr/local/bin:/usr/local/sbin:/Users/kevintan/.yarn/bin:/Users/kevintan/.config/yarn/global/node_modules/.bin:/Library/Frameworks/Python.framework/Versions/3.6/bin:/usr/bin:/bin:/usr/sbin:/sbin:/usr/local/bin:/usr/local/sbin:/Users/kevintan/.yarn/bin:/Users/kevintan/.config/yarn/global/node_modules/.bin:/Library/Frameworks/Python.framework/Versions/3.6/bin

Yarn version: 
  1.9.2

Node version: 
  8.10.0

Platform: 
  darwin x64

Trace: 
  Error: https://registry.yarnpkg.com/jsonwebtokens: Not found
      at Request.params.callback [as _callback] (/usr/local/lib/node_modules/yarn/lib/cli.js:64150:18)
      at Request.self.callback (/usr/local/lib/node_modules/yarn/lib/cli.js:137416:22)
      at emitTwo (events.js:126:13)
      at Request.emit (events.js:214:7)
      at Request.<anonymous> (/usr/local/lib/node_modules/yarn/lib/cli.js:138388:10)
      at emitOne (events.js:116:13)
      at Request.emit (events.js:211:7)
      at IncomingMessage.<anonymous> (/usr/local/lib/node_modules/yarn/lib/cli.js:138310:12)
      at Object.onceWrapper (events.js:313:30)
      at emitNone (events.js:111:20)

npm manifest: 
  {
    "name": "CS9-ResumeMaker",
    "version": "1.0.0",
    "description": "",
    "main": "index.js",
    "scripts": {
      "test": "echo \"Error: no test specified\" && exit 1"
    },
    "repository": {
      "type": "git",
      "url": "git+https://github.com/Lambda-School-Labs/CS9-ResumeMaker.git"
    },
    "keywords": [],
    "author": "",
    "license": "ISC",
    "bugs": {
      "url": "https://github.com/Lambda-School-Labs/CS9-ResumeMaker/issues"
    },
    "homepage": "https://github.com/Lambda-School-Labs/CS9-ResumeMaker#readme"
  }

yarn manifest: 
  No manifest

Lockfile: 
  No lockfile
